14 44 28
11 79 1
1 0 0
x
0 99 7
7 23 28
x
2 0 1
3 0 2
x
10 49 21
12 86 32
x
2 74 6
12 3 43
0 48 17
13 8 44
14 83 33
15 44 29
8 20 29
9 15 30
x
x
14 8 0
15 76 34
15 4 1
x
x
10 18 31
3 34 7
0 70 35
12 78 2
1 37 18
6 94 24
4 0 3
4 66 8
x
5 80 42
7 97 25
x
9 95 26
6 13 24
13 98 27
15 95 28
0 5 2
5 74 9
11 23 32
1 99 8
13 88 3
14 30 22
5 5 4
14 62 4
7 13 25
0 84 29
15 66 5
1 88 30
6 53 10
2 64 19
6 0 5
7 0 6
8 13 26
7 65 11
0 59 6
1 53 7
1 77 36
8 58 12
8 0 7
3 85 20
x
9 0 8
4 41 21
x
5 66 22
x
x
0 38 30
0 86 31
1 6 3
1 35 31
2 81 8
6 49 23
1 90 32
0 90 33
11 42 22
6 70 43
x
10 0 9
x
2 95 37
2 7 4
7 79 44
9 12 27
2 57 32
12 45 23
10 11 28
13 25 24
x
3 65 9
4 88 38
15 22 23
14 38 25
9 50 13
11 18 29
3 36 9
x
15 32 26
0 25 24
4 75 10
8 90 10
3 12 5
12 12 30
x
5 82 39
12 25 33
4 10 6
1 95 34
13 24 34
5 84 11
x
13 14 31
14 22 35
x
8 76 0
15 13 36
0 17 37
1 21 38
14 1 32
0 94 35
10 83 14
2 30 39
x
9 61 1
11 0 10
0 32 27
12 0 11
13 0 12
14 0 13
15 0 14
x
1 24 25
3 50 33
6 62 12
6 72 40
x
7 58 24
2 35 26
10 96 2
1 32 28
11 76 3
3 43 27
7 94 41
7 71 13
x
0 0 15
5 12 7
8 84 42
x
8 55 14
2 49 29
11 68 15
12 71 16
3 38 40
8 97 11
3 67 30
15 6 33
4 49 31
1 97 36
2 47 37
0 7 34
9 60 15
x
13 79 17
5 49 32
4 21 41
x
x
8 47 25
3 63 38
14 64 18
6 36 33
4 53 34
6 8 8
4 45 28
1 8 35
7 10 9
15 61 19
6 98 39
5 33 42
7 42 34
x
9 62 43
9 47 26
8 70 40
5 45 29
10 22 16
11 84 17
12 83 18
5 58 35
2 17 36
13 91 19
12 85 4
3 22 37
14 69 20
10 73 27
x
15 69 21
13 76 5
0 61 22
0 39 20
6 45 36
1 66 23
x
x
x
8 88 41
6 22 43
7 27 44
11 95 44
x
1 2 16
8 34 35
9 28 36
2 2 17
x
14 97 3
7 49 37
6 28 30
x
7 35 31
4 19 38
x
12 90 0
3 3 18
8 27 32
9 22 33
x
5 20 39
x
8 21 0
2 85 24
11 59 28
6 18 40
x
10 53 37
10 31 34
11 36 35
14 88 1
12 62 29
4 78 25
15 84 2
7 15 41
8 12 10
1 59 21
5 93 26
8 18 42
9 64 42
14 76 6
12 34 36
x
x
2 77 22
13 41 37
3 95 23
x
14 33 38
8 43 38
13 68 30
15 26 39
0 27 40
0 74 3
13 99 43
14 53 31
x
4 70 24
4 2 19
1 82 4
14 96 44
x
15 30 32
5 0 20
1 28 41
9 13 43
10 12 44
5 77 25
x
6 1 21
11 13 0
x
x
9 41 39
7 5 22
9 18 1
10 24 2
0 52 33
6 58 26
8 3 23
10 37 40
2 39 42
x
11 44 38
14 99 4
x
11 51 41
15 81 0
3 53 43
12 50 39
11 28 3
13 56 40
6 65 27
14 40 41
12 15 1
15 99 5
4 24 44
2 97 5
5 2 0
9 2 24
7 66 27
x
15 72 7
x
13 19 2
10 3 25
15 36 42
x
8 62 28
9 8 11
12 39 42
9 52 29
0 46 8
0 34 43
1 70 9
4 91 6
14 16 3
10 45 30
2 91 10
7 74 28
11 5 26
1 49 34
9 71 1
12 30 4
13 33 5
2 69 35
11 71 31
x
13 63 43
x
3 90 36
12 2 27
12 73 32
15 9 4
6 30 1
5 97 7
13 3 28
4 64 37
10 9 12
11 10 13
6 84 8
8 72 29
5 69 38
8 92 9
14 46 44
13 83 33
6 52 39
7 63 40
14 59 34
x
15 48 0
14 28 6
7 31 2
15 18 7
1 33 44
14 3 29
x
0 43 1
0 11 5
8 52 41
8 29 3
2 52 0
15 65 35
4 81 11
3 73 1
1 11 6
9 66 30
9 24 4
2 21 7
8 99 12
12 8 14
10 40 5
x
3 26 8
11 39 6
x
9 85 10
x
1 45 2
x
4 20 9
x
x
12 92 11
x
13 9 15
x
5 89 12
4 37 2
14 93 12
x
0 57 36
2 62 3
15 1 30
0 3 31
15 88 13
5 51 3
x
1 62 37
0 76 14
3 81 4
6 41 4
7 45 5
8 36 6
9 32 7
10 58 8
2 71 38
12 42 7
1 85 15
x
9 49 42
10 77 43
5 24 10
6 20 11
0 22 8
6 76 13
1 5 32
2 6 33
13 49 8
3 7 34
7 84 14
x
4 72 39
11 46 9
7 20 12
x
x
11 61 44
x
8 19 13
4 95 16
x
6 89 17
x
x
12 53 10
4 6 35
14 35 9
10 91 31
5 43 40
5 9 36
8 69 15
6 2 37
x
12 67 0
9 75 16
x
9 14 14
13 45 11
4 58 5
1 23 9
x
x
x
10 15 15
x
x
x
7 96 18
14 43 12
x
x
x
15 29 10
0 29 11
2 32 10
x
7 7 38
3 17 11
13 71 1
8 9 39
6 61 41
15 41 13
14 13 16
3 93 13
x
0 36 14
10 92 17
14 54 2
5 63 6
1 31 12
1 40 15
2 43 13
7 69 42
11 90 18
11 87 32
12 40 33
12 96 19
15 5 17
11 16 16
3 99 14
4 33 12
6 46 7
14 80 20
15 75 21
5 39 13
3 58 14
7 53 8
8 45 9
2 55 16
x
0 65 22
9 43 10
12 20 17
13 28 18
3 77 17
0 6 18
9 90 19
4 22 15
1 75 23
14 21 19
13 95 34
4 26 18
5 37 16
14 74 35
2 93 24
6 24 14
x
0 50 6
5 54 19
6 43 20
8 66 43
7 29 15
15 71 36
7 32 21
8 40 22
0 41 37
x
x
13 77 20
x
x
6 34 17
15 10 20
x
x
1 7 19
10 68 11
7 39 18
x
3 48 25
11 54 12
2 12 20
0 16 21
12 60 13
1 67 38
4 86 26
x
x
3 19 21
8 32 19
1 16 22
x
13 54 14
9 37 23
8 26 16
9 19 17
9 56 44
14 48 15
15 52 16
10 63 24
x
15 92 21
x
0 81 22
x
x
2 25 23
15 57 3
0 54 4
4 15 22
10 28 18
6 80 27
x
x
7 89 28
1 55 5
9 99 2
10 88 0
x
1 86 23
8 80 29
11 33 19
x
11 50 25
9 26 20
5 16 23
9 80 30
x
9 6 40
2 87 39
10 6 41
3 70 40
3 30 24
4 29 25
12 56 26
13 60 27
11 92 31
x
11 8 42
x
x
x
5 29 26
x
12 32 20
4 62 41
6 6 27
13 37 21
